[05-Feb-2017 15:48:21 Europe/Berlin] PHP Warning:  set_time_limit() has been disabled for security reasons in C:\Hosteos\Haboox\camerax\Init.php on line 8
[05-Feb-2017 15:48:33 Europe/Berlin] PHP Warning:  set_time_limit() has been disabled for security reasons in C:\Hosteos\Haboox\camerax\Init.php on line 8
[05-Feb-2017 15:49:44 Europe/Berlin] PHP Warning:  set_time_limit() has been disabled for security reasons in C:\Hosteos\Haboox\camerax\Init.php on line 8
[05-Feb-2017 15:50:28 Europe/Berlin] PHP Warning:  set_time_limit() has been disabled for security reasons in C:\Hosteos\Haboox\camerax\Init.php on line 8
[05-Feb-2017 11:39:57 America/Caracas] PHP Warning:  imagecreatefromstring(): Empty string or invalid image in C:\Hosteos\Haboox\camera\library\Images\Image.php on line 141
[05-Feb-2017 11:39:57 America/Caracas] PHP Warning:  imagesx() expects parameter 1 to be resource, boolean given in C:\Hosteos\Haboox\camera\library\Images\Image.php on line 142
[05-Feb-2017 11:39:57 America/Caracas] PHP Warning:  imagesy() expects parameter 1 to be resource, boolean given in C:\Hosteos\Haboox\camera\library\Images\Image.php on line 143
[05-Feb-2017 11:39:57 America/Caracas] PHP Warning:  imagepng() expects parameter 1 to be resource, boolean given in C:\Hosteos\Haboox\camera\library\Images\Image.php on line 54
[05-Feb-2017 11:39:57 America/Caracas] PHP Warning:  imagedestroy() expects parameter 1 to be resource, boolean given in C:\Hosteos\Haboox\camera\library\Images\Image.php on line 107
[04-Mar-2017 05:16:21 America/Caracas] PHP Warning:  imagecreatefromstring(): Empty string or invalid image in C:\HOTELES\Haboox\camera\library\Images\Image.php on line 141
[04-Mar-2017 05:16:21 America/Caracas] PHP Warning:  imagesx() expects parameter 1 to be resource, boolean given in C:\HOTELES\Haboox\camera\library\Images\Image.php on line 142
[04-Mar-2017 05:16:21 America/Caracas] PHP Warning:  imagesy() expects parameter 1 to be resource, boolean given in C:\HOTELES\Haboox\camera\library\Images\Image.php on line 143
[04-Mar-2017 05:16:21 America/Caracas] PHP Warning:  imagepng() expects parameter 1 to be resource, boolean given in C:\HOTELES\Haboox\camera\library\Images\Image.php on line 54
[04-Mar-2017 05:16:21 America/Caracas] PHP Warning:  imagedestroy() expects parameter 1 to be resource, boolean given in C:\HOTELES\Haboox\camera\library\Images\Image.php on line 107
[04-Mar-2017 06:10:56 America/Caracas] PHP Warning:  imagecreatefromstring(): Empty string or invalid image in C:\HOTELES\Haboox\camera\library\Images\Image.php on line 141
[04-Mar-2017 06:10:56 America/Caracas] PHP Warning:  imagesx() expects parameter 1 to be resource, boolean given in C:\HOTELES\Haboox\camera\library\Images\Image.php on line 142
[04-Mar-2017 06:10:56 America/Caracas] PHP Warning:  imagesy() expects parameter 1 to be resource, boolean given in C:\HOTELES\Haboox\camera\library\Images\Image.php on line 143
[04-Mar-2017 06:10:56 America/Caracas] PHP Warning:  imagepng() expects parameter 1 to be resource, boolean given in C:\HOTELES\Haboox\camera\library\Images\Image.php on line 54
[04-Mar-2017 06:10:56 America/Caracas] PHP Warning:  imagedestroy() expects parameter 1 to be resource, boolean given in C:\HOTELES\Haboox\camera\library\Images\Image.php on line 107
[12-Mar-2017 01:22:54 America/Caracas] PHP Warning:  session_destroy(): Session object destruction failed in C:\HOTELES\Haboox\camera\index.php on line 38
[18-Mar-2017 19:52:12 America/Caracas] PHP Warning:  session_destroy(): Session object destruction failed in C:\HOTELES\Haboox\camera\index.php on line 38
[20-Mar-2017 14:41:58 America/Caracas] PHP Warning:  session_destroy(): Session object destruction failed in C:\HOTELES\Haboox\camera\index.php on line 38
[04-Apr-2017 20:00:25 America/Caracas] PHP Warning:  session_destroy(): Session object destruction failed in C:\HOTELES\Haboox\camera\index.php on line 38
[04-Apr-2017 20:00:45 America/Caracas] PHP Warning:  session_destroy(): Session object destruction failed in C:\HOTELES\Haboox\camera\index.php on line 38
[09-Apr-2017 13:02:18 America/Caracas] PHP Notice:  A session had already been started - ignoring session_start() in C:\HOTELES\Haboox\camera\index.php on line 11
[09-Apr-2017 13:02:18 America/Caracas] PHP Notice:  A session had already been started - ignoring session_start() in C:\HOTELES\Haboox\camera\index.php on line 11
[11-Apr-2017 16:23:54 America/Caracas] PHP Notice:  A session had already been started - ignoring session_start() in C:\HOTELES\Haboox\camera\index.php on line 11
[11-Apr-2017 16:23:55 America/Caracas] PHP Notice:  A session had already been started - ignoring session_start() in C:\HOTELES\Haboox\camera\index.php on line 11
[11-Apr-2017 16:23:56 America/Caracas] PHP Notice:  A session had already been started - ignoring session_start() in C:\HOTELES\Haboox\camera\index.php on line 11
[11-Apr-2017 16:24:09 America/Caracas] PHP Notice:  A session had already been started - ignoring session_start() in C:\HOTELES\Haboox\camera\index.php on line 11
[12-Apr-2017 12:15:11 America/Caracas] PHP Notice:  A session had already been started - ignoring session_start() in C:\HOTELES\Haboox\camera\thumbnails\index.php on line 11
[12-Apr-2017 12:35:33 America/Caracas] PHP Notice:  A session had already been started - ignoring session_start() in C:\HOTELES\Haboox\camera\index.php on line 11
[12-Apr-2017 12:35:33 America/Caracas] PHP Notice:  A session had already been started - ignoring session_start() in C:\HOTELES\Haboox\camera\index.php on line 11
[12-Apr-2017 12:42:03 America/Caracas] PHP Notice:  A session had already been started - ignoring session_start() in C:\HOTELES\Haboox\camera\thumbnails\index.php on line 11
[21-Apr-2017 00:29:23 America/Caracas] PHP Warning:  session_destroy(): Session object destruction failed in C:\HOTELES\Haboox\camera\index.php on line 38
[23-Apr-2017 14:42:44 America/Caracas] PHP Warning:  imagecreatefromstring(): Empty string or invalid image in C:\inetpub\Habbodm.es\wwwroot\camera\library\Images\Image.php on line 141
[23-Apr-2017 14:42:44 America/Caracas] PHP Warning:  imagesx() expects parameter 1 to be resource, boolean given in C:\inetpub\Habbodm.es\wwwroot\camera\library\Images\Image.php on line 142
[23-Apr-2017 14:42:44 America/Caracas] PHP Warning:  imagesy() expects parameter 1 to be resource, boolean given in C:\inetpub\Habbodm.es\wwwroot\camera\library\Images\Image.php on line 143
[23-Apr-2017 14:42:44 America/Caracas] PHP Warning:  imagecopy() expects parameter 1 to be resource, boolean given in C:\inetpub\Habbodm.es\wwwroot\camera\library\Images\Image.php on line 149
[23-Apr-2017 14:42:44 America/Caracas] PHP Warning:  imagepng() expects parameter 1 to be resource, boolean given in C:\inetpub\Habbodm.es\wwwroot\camera\library\Images\Image.php on line 54
[23-Apr-2017 14:42:44 America/Caracas] PHP Warning:  imagedestroy() expects parameter 1 to be resource, boolean given in C:\inetpub\Habbodm.es\wwwroot\camera\library\Images\Image.php on line 107
[26-Apr-2017 05:06:22 America/Caracas] PHP Warning:  imagecreatefromstring(): Empty string or invalid image in C:\inetpub\Habbodm.es\wwwroot\camera\library\Images\Image.php on line 141
[26-Apr-2017 05:06:22 America/Caracas] PHP Warning:  imagesx() expects parameter 1 to be resource, boolean given in C:\inetpub\Habbodm.es\wwwroot\camera\library\Images\Image.php on line 142
[26-Apr-2017 05:06:22 America/Caracas] PHP Warning:  imagesy() expects parameter 1 to be resource, boolean given in C:\inetpub\Habbodm.es\wwwroot\camera\library\Images\Image.php on line 143
[26-Apr-2017 05:06:22 America/Caracas] PHP Warning:  imagecopy() expects parameter 1 to be resource, boolean given in C:\inetpub\Habbodm.es\wwwroot\camera\library\Images\Image.php on line 149
[26-Apr-2017 05:06:22 America/Caracas] PHP Warning:  imagepng() expects parameter 1 to be resource, boolean given in C:\inetpub\Habbodm.es\wwwroot\camera\library\Images\Image.php on line 54
[26-Apr-2017 05:06:22 America/Caracas] PHP Warning:  imagedestroy() expects parameter 1 to be resource, boolean given in C:\inetpub\Habbodm.es\wwwroot\camera\library\Images\Image.php on line 107
[29-Apr-2017 14:01:07 America/Caracas] PHP Warning:  imagecreatefromstring(): Empty string or invalid image in C:\inetpub\Habbodm.es\wwwroot\camera\library\Images\Image.php on line 141
[29-Apr-2017 14:01:07 America/Caracas] PHP Warning:  imagesx() expects parameter 1 to be resource, boolean given in C:\inetpub\Habbodm.es\wwwroot\camera\library\Images\Image.php on line 142
[29-Apr-2017 14:01:07 America/Caracas] PHP Warning:  imagesy() expects parameter 1 to be resource, boolean given in C:\inetpub\Habbodm.es\wwwroot\camera\library\Images\Image.php on line 143
[29-Apr-2017 14:01:07 America/Caracas] PHP Warning:  imagecopy() expects parameter 1 to be resource, boolean given in C:\inetpub\Habbodm.es\wwwroot\camera\library\Images\Image.php on line 149
[29-Apr-2017 14:01:07 America/Caracas] PHP Warning:  imagepng() expects parameter 1 to be resource, boolean given in C:\inetpub\Habbodm.es\wwwroot\camera\library\Images\Image.php on line 54
[29-Apr-2017 14:01:07 America/Caracas] PHP Warning:  imagedestroy() expects parameter 1 to be resource, boolean given in C:\inetpub\Habbodm.es\wwwroot\camera\library\Images\Image.php on line 107
[01-May-2017 01:51:16 America/Caracas] PHP Warning:  session_destroy(): Session object destruction failed in C:\inetpub\Habbodm.es\wwwroot\camera\index.php on line 38
[18-Jul-2017 16:20:24 America/Caracas] PHP Warning:  imagecreatefrompng(overmarks): failed to open stream: Permission denied in C:\xampp\htdocs\camera\library\Images\Image.php on line 126
[18-Jul-2017 16:20:24 America/Caracas] PHP Warning:  imagesx() expects parameter 1 to be resource, boolean given in C:\xampp\htdocs\camera\library\Images\Image.php on line 133
[18-Jul-2017 16:20:24 America/Caracas] PHP Warning:  imagesy() expects parameter 1 to be resource, boolean given in C:\xampp\htdocs\camera\library\Images\Image.php on line 134
[18-Jul-2017 16:20:24 America/Caracas] PHP Warning:  imagealphablending() expects parameter 1 to be resource, boolean given in C:\xampp\htdocs\camera\library\Images\Image.php on line 237
[18-Jul-2017 16:20:24 America/Caracas] PHP Warning:  imagesavealpha() expects parameter 1 to be resource, boolean given in C:\xampp\htdocs\camera\library\Images\Image.php on line 238
[18-Jul-2017 16:20:24 America/Caracas] PHP Warning:  imagecopy() expects parameter 2 to be resource, boolean given in C:\xampp\htdocs\camera\library\Images\Image.php on line 149
[18-Jul-2017 16:20:24 America/Caracas] PHP Warning:  imagedestroy() expects parameter 1 to be resource, boolean given in C:\xampp\htdocs\camera\library\Images\Image.php on line 107
[18-Jul-2017 20:17:29 America/Caracas] PHP Warning:  imagecreatefrompng(overmarks): failed to open stream: Permission denied in C:\xampp\htdocs\camera\library\Images\Image.php on line 126
[18-Jul-2017 20:17:29 America/Caracas] PHP Warning:  imagesx() expects parameter 1 to be resource, boolean given in C:\xampp\htdocs\camera\library\Images\Image.php on line 133
[18-Jul-2017 20:17:29 America/Caracas] PHP Warning:  imagesy() expects parameter 1 to be resource, boolean given in C:\xampp\htdocs\camera\library\Images\Image.php on line 134
[18-Jul-2017 20:17:29 America/Caracas] PHP Warning:  imagealphablending() expects parameter 1 to be resource, boolean given in C:\xampp\htdocs\camera\library\Images\Image.php on line 237
[18-Jul-2017 20:17:29 America/Caracas] PHP Warning:  imagesavealpha() expects parameter 1 to be resource, boolean given in C:\xampp\htdocs\camera\library\Images\Image.php on line 238
[18-Jul-2017 20:17:29 America/Caracas] PHP Warning:  imagecopy() expects parameter 2 to be resource, boolean given in C:\xampp\htdocs\camera\library\Images\Image.php on line 149
[18-Jul-2017 20:17:29 America/Caracas] PHP Warning:  imagedestroy() expects parameter 1 to be resource, boolean given in C:\xampp\htdocs\camera\library\Images\Image.php on line 107
[18-Jul-2017 20:26:09 America/Caracas] PHP Warning:  imagecreatefrompng(overmarks): failed to open stream: Permission denied in C:\xampp\htdocs\camera\library\Images\Image.php on line 126
[18-Jul-2017 20:26:09 America/Caracas] PHP Warning:  imagesx() expects parameter 1 to be resource, boolean given in C:\xampp\htdocs\camera\library\Images\Image.php on line 133
[18-Jul-2017 20:26:09 America/Caracas] PHP Warning:  imagesy() expects parameter 1 to be resource, boolean given in C:\xampp\htdocs\camera\library\Images\Image.php on line 134
[18-Jul-2017 20:26:09 America/Caracas] PHP Warning:  imagealphablending() expects parameter 1 to be resource, boolean given in C:\xampp\htdocs\camera\library\Images\Image.php on line 237
[18-Jul-2017 20:26:09 America/Caracas] PHP Warning:  imagesavealpha() expects parameter 1 to be resource, boolean given in C:\xampp\htdocs\camera\library\Images\Image.php on line 238
[18-Jul-2017 20:26:09 America/Caracas] PHP Warning:  imagecopy() expects parameter 2 to be resource, boolean given in C:\xampp\htdocs\camera\library\Images\Image.php on line 149
[18-Jul-2017 20:26:09 America/Caracas] PHP Warning:  imagedestroy() expects parameter 1 to be resource, boolean given in C:\xampp\htdocs\camera\library\Images\Image.php on line 107
[20-Jul-2017 02:49:21 America/Caracas] PHP Warning:  imagecreatefrompng(overmarks): failed to open stream: Permission denied in C:\xampp\htdocs\camera\library\Images\Image.php on line 126
[20-Jul-2017 02:49:21 America/Caracas] PHP Warning:  imagesx() expects parameter 1 to be resource, boolean given in C:\xampp\htdocs\camera\library\Images\Image.php on line 133
[20-Jul-2017 02:49:21 America/Caracas] PHP Warning:  imagesy() expects parameter 1 to be resource, boolean given in C:\xampp\htdocs\camera\library\Images\Image.php on line 134
[20-Jul-2017 02:49:21 America/Caracas] PHP Warning:  imagealphablending() expects parameter 1 to be resource, boolean given in C:\xampp\htdocs\camera\library\Images\Image.php on line 237
[20-Jul-2017 02:49:21 America/Caracas] PHP Warning:  imagesavealpha() expects parameter 1 to be resource, boolean given in C:\xampp\htdocs\camera\library\Images\Image.php on line 238
[20-Jul-2017 02:49:21 America/Caracas] PHP Warning:  imagecopy() expects parameter 2 to be resource, boolean given in C:\xampp\htdocs\camera\library\Images\Image.php on line 149
[20-Jul-2017 02:49:21 America/Caracas] PHP Warning:  imagedestroy() expects parameter 1 to be resource, boolean given in C:\xampp\htdocs\camera\library\Images\Image.php on line 107
[20-Jul-2017 02:59:10 America/Caracas] PHP Warning:  imagecreatefrompng(overmarks): failed to open stream: Permission denied in C:\xampp\htdocs\camera\library\Images\Image.php on line 126
[20-Jul-2017 02:59:10 America/Caracas] PHP Warning:  imagesx() expects parameter 1 to be resource, boolean given in C:\xampp\htdocs\camera\library\Images\Image.php on line 133
[20-Jul-2017 02:59:10 America/Caracas] PHP Warning:  imagesy() expects parameter 1 to be resource, boolean given in C:\xampp\htdocs\camera\library\Images\Image.php on line 134
[20-Jul-2017 02:59:10 America/Caracas] PHP Warning:  imagealphablending() expects parameter 1 to be resource, boolean given in C:\xampp\htdocs\camera\library\Images\Image.php on line 237
[20-Jul-2017 02:59:10 America/Caracas] PHP Warning:  imagesavealpha() expects parameter 1 to be resource, boolean given in C:\xampp\htdocs\camera\library\Images\Image.php on line 238
[20-Jul-2017 02:59:10 America/Caracas] PHP Warning:  imagecopy() expects parameter 2 to be resource, boolean given in C:\xampp\htdocs\camera\library\Images\Image.php on line 149
[20-Jul-2017 02:59:10 America/Caracas] PHP Warning:  imagedestroy() expects parameter 1 to be resource, boolean given in C:\xampp\htdocs\camera\library\Images\Image.php on line 107
[20-Jul-2017 03:00:51 America/Caracas] PHP Warning:  imagecreatefrompng(overmarks): failed to open stream: Permission denied in C:\xampp\htdocs\camera\library\Images\Image.php on line 126
[20-Jul-2017 03:00:51 America/Caracas] PHP Warning:  imagesx() expects parameter 1 to be resource, boolean given in C:\xampp\htdocs\camera\library\Images\Image.php on line 133
[20-Jul-2017 03:00:51 America/Caracas] PHP Warning:  imagesy() expects parameter 1 to be resource, boolean given in C:\xampp\htdocs\camera\library\Images\Image.php on line 134
[20-Jul-2017 03:00:51 America/Caracas] PHP Warning:  imagealphablending() expects parameter 1 to be resource, boolean given in C:\xampp\htdocs\camera\library\Images\Image.php on line 237
[20-Jul-2017 03:00:51 America/Caracas] PHP Warning:  imagesavealpha() expects parameter 1 to be resource, boolean given in C:\xampp\htdocs\camera\library\Images\Image.php on line 238
[20-Jul-2017 03:00:51 America/Caracas] PHP Warning:  imagecopy() expects parameter 2 to be resource, boolean given in C:\xampp\htdocs\camera\library\Images\Image.php on line 149
[20-Jul-2017 03:00:51 America/Caracas] PHP Warning:  imagedestroy() expects parameter 1 to be resource, boolean given in C:\xampp\htdocs\camera\library\Images\Image.php on line 107
[20-Jul-2017 03:25:16 America/Caracas] PHP Warning:  imagecreatefrompng(overmarks): failed to open stream: Permission denied in C:\xampp\htdocs\camera\library\Images\Image.php on line 126
[20-Jul-2017 03:25:16 America/Caracas] PHP Warning:  imagesx() expects parameter 1 to be resource, boolean given in C:\xampp\htdocs\camera\library\Images\Image.php on line 133
[20-Jul-2017 03:25:16 America/Caracas] PHP Warning:  imagesy() expects parameter 1 to be resource, boolean given in C:\xampp\htdocs\camera\library\Images\Image.php on line 134
[20-Jul-2017 03:25:16 America/Caracas] PHP Warning:  imagealphablending() expects parameter 1 to be resource, boolean given in C:\xampp\htdocs\camera\library\Images\Image.php on line 237
[20-Jul-2017 03:25:16 America/Caracas] PHP Warning:  imagesavealpha() expects parameter 1 to be resource, boolean given in C:\xampp\htdocs\camera\library\Images\Image.php on line 238
[20-Jul-2017 03:25:16 America/Caracas] PHP Warning:  imagecopy() expects parameter 2 to be resource, boolean given in C:\xampp\htdocs\camera\library\Images\Image.php on line 149
[20-Jul-2017 03:25:16 America/Caracas] PHP Warning:  imagedestroy() expects parameter 1 to be resource, boolean given in C:\xampp\htdocs\camera\library\Images\Image.php on line 107
[20-Jul-2017 03:31:25 America/Caracas] PHP Warning:  imagecreatefrompng(overmarks): failed to open stream: Permission denied in C:\xampp\htdocs\camera\library\Images\Image.php on line 126
[20-Jul-2017 03:31:25 America/Caracas] PHP Warning:  imagesx() expects parameter 1 to be resource, boolean given in C:\xampp\htdocs\camera\library\Images\Image.php on line 133
[20-Jul-2017 03:31:25 America/Caracas] PHP Warning:  imagesy() expects parameter 1 to be resource, boolean given in C:\xampp\htdocs\camera\library\Images\Image.php on line 134
[20-Jul-2017 03:31:25 America/Caracas] PHP Warning:  imagealphablending() expects parameter 1 to be resource, boolean given in C:\xampp\htdocs\camera\library\Images\Image.php on line 237
[20-Jul-2017 03:31:25 America/Caracas] PHP Warning:  imagesavealpha() expects parameter 1 to be resource, boolean given in C:\xampp\htdocs\camera\library\Images\Image.php on line 238
[20-Jul-2017 03:31:25 America/Caracas] PHP Warning:  imagecopy() expects parameter 2 to be resource, boolean given in C:\xampp\htdocs\camera\library\Images\Image.php on line 149
[20-Jul-2017 03:31:26 America/Caracas] PHP Warning:  imagedestroy() expects parameter 1 to be resource, boolean given in C:\xampp\htdocs\camera\library\Images\Image.php on line 107
[20-Jul-2017 03:35:43 America/Caracas] PHP Warning:  imagecreatefrompng(overmarks): failed to open stream: Permission denied in C:\xampp\htdocs\camera\library\Images\Image.php on line 126
[20-Jul-2017 03:35:43 America/Caracas] PHP Warning:  imagesx() expects parameter 1 to be resource, boolean given in C:\xampp\htdocs\camera\library\Images\Image.php on line 133
[20-Jul-2017 03:35:43 America/Caracas] PHP Warning:  imagesy() expects parameter 1 to be resource, boolean given in C:\xampp\htdocs\camera\library\Images\Image.php on line 134
[20-Jul-2017 03:35:43 America/Caracas] PHP Warning:  imagealphablending() expects parameter 1 to be resource, boolean given in C:\xampp\htdocs\camera\library\Images\Image.php on line 237
[20-Jul-2017 03:35:43 America/Caracas] PHP Warning:  imagesavealpha() expects parameter 1 to be resource, boolean given in C:\xampp\htdocs\camera\library\Images\Image.php on line 238
[20-Jul-2017 03:35:43 America/Caracas] PHP Warning:  imagecopy() expects parameter 2 to be resource, boolean given in C:\xampp\htdocs\camera\library\Images\Image.php on line 149
[20-Jul-2017 03:35:43 America/Caracas] PHP Warning:  imagedestroy() expects parameter 1 to be resource, boolean given in C:\xampp\htdocs\camera\library\Images\Image.php on line 107
[20-Jul-2017 03:41:25 America/Caracas] PHP Warning:  imagecreatefrompng(overmarks): failed to open stream: Permission denied in C:\xampp\htdocs\camera\library\Images\Image.php on line 126
[20-Jul-2017 03:41:25 America/Caracas] PHP Warning:  imagesx() expects parameter 1 to be resource, boolean given in C:\xampp\htdocs\camera\library\Images\Image.php on line 133
[20-Jul-2017 03:41:25 America/Caracas] PHP Warning:  imagesy() expects parameter 1 to be resource, boolean given in C:\xampp\htdocs\camera\library\Images\Image.php on line 134
[20-Jul-2017 03:41:25 America/Caracas] PHP Warning:  imagealphablending() expects parameter 1 to be resource, boolean given in C:\xampp\htdocs\camera\library\Images\Image.php on line 237
[20-Jul-2017 03:41:25 America/Caracas] PHP Warning:  imagesavealpha() expects parameter 1 to be resource, boolean given in C:\xampp\htdocs\camera\library\Images\Image.php on line 238
[20-Jul-2017 03:41:25 America/Caracas] PHP Warning:  imagecopy() expects parameter 2 to be resource, boolean given in C:\xampp\htdocs\camera\library\Images\Image.php on line 149
[20-Jul-2017 03:41:25 America/Caracas] PHP Warning:  imagedestroy() expects parameter 1 to be resource, boolean given in C:\xampp\htdocs\camera\library\Images\Image.php on line 107
[20-Jul-2017 03:43:56 America/Caracas] PHP Warning:  imagecreatefrompng(overmarks): failed to open stream: Permission denied in C:\xampp\htdocs\camera\library\Images\Image.php on line 126
[20-Jul-2017 03:43:56 America/Caracas] PHP Warning:  imagesx() expects parameter 1 to be resource, boolean given in C:\xampp\htdocs\camera\library\Images\Image.php on line 133
[20-Jul-2017 03:43:56 America/Caracas] PHP Warning:  imagesy() expects parameter 1 to be resource, boolean given in C:\xampp\htdocs\camera\library\Images\Image.php on line 134
[20-Jul-2017 03:43:56 America/Caracas] PHP Warning:  imagealphablending() expects parameter 1 to be resource, boolean given in C:\xampp\htdocs\camera\library\Images\Image.php on line 237
[20-Jul-2017 03:43:56 America/Caracas] PHP Warning:  imagesavealpha() expects parameter 1 to be resource, boolean given in C:\xampp\htdocs\camera\library\Images\Image.php on line 238
[20-Jul-2017 03:43:56 America/Caracas] PHP Warning:  imagecopy() expects parameter 2 to be resource, boolean given in C:\xampp\htdocs\camera\library\Images\Image.php on line 149
[20-Jul-2017 03:43:56 America/Caracas] PHP Warning:  imagedestroy() expects parameter 1 to be resource, boolean given in C:\xampp\htdocs\camera\library\Images\Image.php on line 107
[20-Jul-2017 03:46:16 America/Caracas] PHP Warning:  imagecreatefrompng(overmarks): failed to open stream: Permission denied in C:\xampp\htdocs\camera\library\Images\Image.php on line 126
[20-Jul-2017 03:46:16 America/Caracas] PHP Warning:  imagesx() expects parameter 1 to be resource, boolean given in C:\xampp\htdocs\camera\library\Images\Image.php on line 133
[20-Jul-2017 03:46:16 America/Caracas] PHP Warning:  imagesy() expects parameter 1 to be resource, boolean given in C:\xampp\htdocs\camera\library\Images\Image.php on line 134
[20-Jul-2017 03:46:16 America/Caracas] PHP Warning:  imagealphablending() expects parameter 1 to be resource, boolean given in C:\xampp\htdocs\camera\library\Images\Image.php on line 237
[20-Jul-2017 03:46:16 America/Caracas] PHP Warning:  imagesavealpha() expects parameter 1 to be resource, boolean given in C:\xampp\htdocs\camera\library\Images\Image.php on line 238
[20-Jul-2017 03:46:16 America/Caracas] PHP Warning:  imagecopy() expects parameter 2 to be resource, boolean given in C:\xampp\htdocs\camera\library\Images\Image.php on line 149
[20-Jul-2017 03:46:16 America/Caracas] PHP Warning:  imagedestroy() expects parameter 1 to be resource, boolean given in C:\xampp\htdocs\camera\library\Images\Image.php on line 107
[20-Jul-2017 03:54:50 America/Caracas] PHP Warning:  imagecreatefrompng(overmarks): failed to open stream: Permission denied in C:\xampp\htdocs\camera\library\Images\Image.php on line 126
[20-Jul-2017 03:54:50 America/Caracas] PHP Warning:  imagesx() expects parameter 1 to be resource, boolean given in C:\xampp\htdocs\camera\library\Images\Image.php on line 133
[20-Jul-2017 03:54:50 America/Caracas] PHP Warning:  imagesy() expects parameter 1 to be resource, boolean given in C:\xampp\htdocs\camera\library\Images\Image.php on line 134
[20-Jul-2017 03:54:50 America/Caracas] PHP Warning:  imagealphablending() expects parameter 1 to be resource, boolean given in C:\xampp\htdocs\camera\library\Images\Image.php on line 237
[20-Jul-2017 03:54:50 America/Caracas] PHP Warning:  imagesavealpha() expects parameter 1 to be resource, boolean given in C:\xampp\htdocs\camera\library\Images\Image.php on line 238
[20-Jul-2017 03:54:50 America/Caracas] PHP Warning:  imagecopy() expects parameter 2 to be resource, boolean given in C:\xampp\htdocs\camera\library\Images\Image.php on line 149
[20-Jul-2017 03:54:50 America/Caracas] PHP Warning:  imagedestroy() expects parameter 1 to be resource, boolean given in C:\xampp\htdocs\camera\library\Images\Image.php on line 107
[20-Jul-2017 03:59:18 America/Caracas] PHP Warning:  imagecreatefrompng(overmarks): failed to open stream: Permission denied in C:\xampp\htdocs\camera\library\Images\Image.php on line 126
[20-Jul-2017 03:59:18 America/Caracas] PHP Warning:  imagesx() expects parameter 1 to be resource, boolean given in C:\xampp\htdocs\camera\library\Images\Image.php on line 133
[20-Jul-2017 03:59:18 America/Caracas] PHP Warning:  imagesy() expects parameter 1 to be resource, boolean given in C:\xampp\htdocs\camera\library\Images\Image.php on line 134
[20-Jul-2017 03:59:18 America/Caracas] PHP Warning:  imagealphablending() expects parameter 1 to be resource, boolean given in C:\xampp\htdocs\camera\library\Images\Image.php on line 237
[20-Jul-2017 03:59:18 America/Caracas] PHP Warning:  imagesavealpha() expects parameter 1 to be resource, boolean given in C:\xampp\htdocs\camera\library\Images\Image.php on line 238
[20-Jul-2017 03:59:18 America/Caracas] PHP Warning:  imagecopy() expects parameter 2 to be resource, boolean given in C:\xampp\htdocs\camera\library\Images\Image.php on line 149
[20-Jul-2017 03:59:18 America/Caracas] PHP Warning:  imagedestroy() expects parameter 1 to be resource, boolean given in C:\xampp\htdocs\camera\library\Images\Image.php on line 107
[20-Jul-2017 04:00:37 America/Caracas] PHP Warning:  imagecreatefrompng(overmarks): failed to open stream: Permission denied in C:\xampp\htdocs\camera\library\Images\Image.php on line 126
[20-Jul-2017 04:00:37 America/Caracas] PHP Warning:  imagesx() expects parameter 1 to be resource, boolean given in C:\xampp\htdocs\camera\library\Images\Image.php on line 133
[20-Jul-2017 04:00:37 America/Caracas] PHP Warning:  imagesy() expects parameter 1 to be resource, boolean given in C:\xampp\htdocs\camera\library\Images\Image.php on line 134
[20-Jul-2017 04:00:37 America/Caracas] PHP Warning:  imagealphablending() expects parameter 1 to be resource, boolean given in C:\xampp\htdocs\camera\library\Images\Image.php on line 237
[20-Jul-2017 04:00:37 America/Caracas] PHP Warning:  imagesavealpha() expects parameter 1 to be resource, boolean given in C:\xampp\htdocs\camera\library\Images\Image.php on line 238
[20-Jul-2017 04:00:37 America/Caracas] PHP Warning:  imagecopy() expects parameter 2 to be resource, boolean given in C:\xampp\htdocs\camera\library\Images\Image.php on line 149
[20-Jul-2017 04:00:37 America/Caracas] PHP Warning:  imagedestroy() expects parameter 1 to be resource, boolean given in C:\xampp\htdocs\camera\library\Images\Image.php on line 107
[20-Jul-2017 04:01:03 America/Caracas] PHP Warning:  imagecreatefrompng(overmarks): failed to open stream: Permission denied in C:\xampp\htdocs\camera\library\Images\Image.php on line 126
[20-Jul-2017 04:01:03 America/Caracas] PHP Warning:  imagesx() expects parameter 1 to be resource, boolean given in C:\xampp\htdocs\camera\library\Images\Image.php on line 133
[20-Jul-2017 04:01:03 America/Caracas] PHP Warning:  imagesy() expects parameter 1 to be resource, boolean given in C:\xampp\htdocs\camera\library\Images\Image.php on line 134
[20-Jul-2017 04:01:03 America/Caracas] PHP Warning:  imagealphablending() expects parameter 1 to be resource, boolean given in C:\xampp\htdocs\camera\library\Images\Image.php on line 237
[20-Jul-2017 04:01:03 America/Caracas] PHP Warning:  imagesavealpha() expects parameter 1 to be resource, boolean given in C:\xampp\htdocs\camera\library\Images\Image.php on line 238
[20-Jul-2017 04:01:03 America/Caracas] PHP Warning:  imagecopy() expects parameter 2 to be resource, boolean given in C:\xampp\htdocs\camera\library\Images\Image.php on line 149
[20-Jul-2017 04:01:03 America/Caracas] PHP Warning:  imagedestroy() expects parameter 1 to be resource, boolean given in C:\xampp\htdocs\camera\library\Images\Image.php on line 107
[20-Jul-2017 04:01:16 America/Caracas] PHP Warning:  imagecreatefrompng(overmarks): failed to open stream: Permission denied in C:\xampp\htdocs\camera\library\Images\Image.php on line 126
[20-Jul-2017 04:01:16 America/Caracas] PHP Warning:  imagesx() expects parameter 1 to be resource, boolean given in C:\xampp\htdocs\camera\library\Images\Image.php on line 133
[20-Jul-2017 04:01:16 America/Caracas] PHP Warning:  imagesy() expects parameter 1 to be resource, boolean given in C:\xampp\htdocs\camera\library\Images\Image.php on line 134
[20-Jul-2017 04:01:16 America/Caracas] PHP Warning:  imagealphablending() expects parameter 1 to be resource, boolean given in C:\xampp\htdocs\camera\library\Images\Image.php on line 237
[20-Jul-2017 04:01:16 America/Caracas] PHP Warning:  imagesavealpha() expects parameter 1 to be resource, boolean given in C:\xampp\htdocs\camera\library\Images\Image.php on line 238
[20-Jul-2017 04:01:16 America/Caracas] PHP Warning:  imagecopy() expects parameter 2 to be resource, boolean given in C:\xampp\htdocs\camera\library\Images\Image.php on line 149
[20-Jul-2017 04:01:17 America/Caracas] PHP Warning:  imagedestroy() expects parameter 1 to be resource, boolean given in C:\xampp\htdocs\camera\library\Images\Image.php on line 107
[20-Jul-2017 04:01:39 America/Caracas] PHP Warning:  imagecreatefrompng(overmarks): failed to open stream: Permission denied in C:\xampp\htdocs\camera\library\Images\Image.php on line 126
[20-Jul-2017 04:01:39 America/Caracas] PHP Warning:  imagesx() expects parameter 1 to be resource, boolean given in C:\xampp\htdocs\camera\library\Images\Image.php on line 133
[20-Jul-2017 04:01:39 America/Caracas] PHP Warning:  imagesy() expects parameter 1 to be resource, boolean given in C:\xampp\htdocs\camera\library\Images\Image.php on line 134
[20-Jul-2017 04:01:39 America/Caracas] PHP Warning:  imagealphablending() expects parameter 1 to be resource, boolean given in C:\xampp\htdocs\camera\library\Images\Image.php on line 237
[20-Jul-2017 04:01:39 America/Caracas] PHP Warning:  imagesavealpha() expects parameter 1 to be resource, boolean given in C:\xampp\htdocs\camera\library\Images\Image.php on line 238
[20-Jul-2017 04:01:39 America/Caracas] PHP Warning:  imagecopy() expects parameter 2 to be resource, boolean given in C:\xampp\htdocs\camera\library\Images\Image.php on line 149
[20-Jul-2017 04:01:39 America/Caracas] PHP Warning:  imagedestroy() expects parameter 1 to be resource, boolean given in C:\xampp\htdocs\camera\library\Images\Image.php on line 107
[20-Jul-2017 04:01:51 America/Caracas] PHP Warning:  imagecreatefrompng(overmarks): failed to open stream: Permission denied in C:\xampp\htdocs\camera\library\Images\Image.php on line 126
[20-Jul-2017 04:01:51 America/Caracas] PHP Warning:  imagesx() expects parameter 1 to be resource, boolean given in C:\xampp\htdocs\camera\library\Images\Image.php on line 133
[20-Jul-2017 04:01:51 America/Caracas] PHP Warning:  imagesy() expects parameter 1 to be resource, boolean given in C:\xampp\htdocs\camera\library\Images\Image.php on line 134
[20-Jul-2017 04:01:51 America/Caracas] PHP Warning:  imagealphablending() expects parameter 1 to be resource, boolean given in C:\xampp\htdocs\camera\library\Images\Image.php on line 237
[20-Jul-2017 04:01:51 America/Caracas] PHP Warning:  imagesavealpha() expects parameter 1 to be resource, boolean given in C:\xampp\htdocs\camera\library\Images\Image.php on line 238
[20-Jul-2017 04:01:51 America/Caracas] PHP Warning:  imagecopy() expects parameter 2 to be resource, boolean given in C:\xampp\htdocs\camera\library\Images\Image.php on line 149
[20-Jul-2017 04:01:52 America/Caracas] PHP Warning:  imagedestroy() expects parameter 1 to be resource, boolean given in C:\xampp\htdocs\camera\library\Images\Image.php on line 107
[20-Jul-2017 19:02:37 America/Caracas] PHP Warning:  imagecreatefrompng(overmarks): failed to open stream: Permission denied in C:\xampp\htdocs\camera\library\Images\Image.php on line 126
[20-Jul-2017 19:02:37 America/Caracas] PHP Warning:  imagesx() expects parameter 1 to be resource, boolean given in C:\xampp\htdocs\camera\library\Images\Image.php on line 133
[20-Jul-2017 19:02:37 America/Caracas] PHP Warning:  imagesy() expects parameter 1 to be resource, boolean given in C:\xampp\htdocs\camera\library\Images\Image.php on line 134
[20-Jul-2017 19:02:37 America/Caracas] PHP Warning:  imagealphablending() expects parameter 1 to be resource, boolean given in C:\xampp\htdocs\camera\library\Images\Image.php on line 237
[20-Jul-2017 19:02:37 America/Caracas] PHP Warning:  imagesavealpha() expects parameter 1 to be resource, boolean given in C:\xampp\htdocs\camera\library\Images\Image.php on line 238
[20-Jul-2017 19:02:37 America/Caracas] PHP Warning:  imagecopy() expects parameter 2 to be resource, boolean given in C:\xampp\htdocs\camera\library\Images\Image.php on line 149
[20-Jul-2017 19:02:38 America/Caracas] PHP Warning:  imagedestroy() expects parameter 1 to be resource, boolean given in C:\xampp\htdocs\camera\library\Images\Image.php on line 107
[21-Jul-2017 02:41:59 America/Caracas] PHP Warning:  imagecreatefrompng(overmarks): failed to open stream: Permission denied in C:\xampp\htdocs\camera\library\Images\Image.php on line 126
[21-Jul-2017 02:41:59 America/Caracas] PHP Warning:  imagesx() expects parameter 1 to be resource, boolean given in C:\xampp\htdocs\camera\library\Images\Image.php on line 133
[21-Jul-2017 02:41:59 America/Caracas] PHP Warning:  imagesy() expects parameter 1 to be resource, boolean given in C:\xampp\htdocs\camera\library\Images\Image.php on line 134
[21-Jul-2017 02:41:59 America/Caracas] PHP Warning:  imagealphablending() expects parameter 1 to be resource, boolean given in C:\xampp\htdocs\camera\library\Images\Image.php on line 237
[21-Jul-2017 02:41:59 America/Caracas] PHP Warning:  imagesavealpha() expects parameter 1 to be resource, boolean given in C:\xampp\htdocs\camera\library\Images\Image.php on line 238
[21-Jul-2017 02:41:59 America/Caracas] PHP Warning:  imagecopy() expects parameter 2 to be resource, boolean given in C:\xampp\htdocs\camera\library\Images\Image.php on line 149
[21-Jul-2017 02:41:59 America/Caracas] PHP Warning:  imagedestroy() expects parameter 1 to be resource, boolean given in C:\xampp\htdocs\camera\library\Images\Image.php on line 107
[21-Jul-2017 15:45:20 America/Caracas] PHP Warning:  imagecreatefrompng(overmarks): failed to open stream: Permission denied in C:\xampp\htdocs\camera\library\Images\Image.php on line 126
[21-Jul-2017 15:45:20 America/Caracas] PHP Warning:  imagesx() expects parameter 1 to be resource, boolean given in C:\xampp\htdocs\camera\library\Images\Image.php on line 133
[21-Jul-2017 15:45:20 America/Caracas] PHP Warning:  imagesy() expects parameter 1 to be resource, boolean given in C:\xampp\htdocs\camera\library\Images\Image.php on line 134
[21-Jul-2017 15:45:20 America/Caracas] PHP Warning:  imagealphablending() expects parameter 1 to be resource, boolean given in C:\xampp\htdocs\camera\library\Images\Image.php on line 237
[21-Jul-2017 15:45:20 America/Caracas] PHP Warning:  imagesavealpha() expects parameter 1 to be resource, boolean given in C:\xampp\htdocs\camera\library\Images\Image.php on line 238
[21-Jul-2017 15:45:20 America/Caracas] PHP Warning:  imagecopy() expects parameter 2 to be resource, boolean given in C:\xampp\htdocs\camera\library\Images\Image.php on line 149
[21-Jul-2017 15:45:20 America/Caracas] PHP Warning:  imagedestroy() expects parameter 1 to be resource, boolean given in C:\xampp\htdocs\camera\library\Images\Image.php on line 107
[24-Jul-2017 01:15:40 America/Caracas] PHP Warning:  imagecreatefrompng(overmarks): failed to open stream: Permission denied in C:\xampp\htdocs\camera\library\Images\Image.php on line 126
[24-Jul-2017 01:15:40 America/Caracas] PHP Warning:  imagesx() expects parameter 1 to be resource, boolean given in C:\xampp\htdocs\camera\library\Images\Image.php on line 133
[24-Jul-2017 01:15:40 America/Caracas] PHP Warning:  imagesy() expects parameter 1 to be resource, boolean given in C:\xampp\htdocs\camera\library\Images\Image.php on line 134
[24-Jul-2017 01:15:40 America/Caracas] PHP Warning:  imagealphablending() expects parameter 1 to be resource, boolean given in C:\xampp\htdocs\camera\library\Images\Image.php on line 237
[24-Jul-2017 01:15:40 America/Caracas] PHP Warning:  imagesavealpha() expects parameter 1 to be resource, boolean given in C:\xampp\htdocs\camera\library\Images\Image.php on line 238
[24-Jul-2017 01:15:40 America/Caracas] PHP Warning:  imagecopy() expects parameter 2 to be resource, boolean given in C:\xampp\htdocs\camera\library\Images\Image.php on line 149
[24-Jul-2017 01:15:41 America/Caracas] PHP Warning:  imagedestroy() expects parameter 1 to be resource, boolean given in C:\xampp\htdocs\camera\library\Images\Image.php on line 107
[25-Jul-2017 04:17:18 America/Caracas] PHP Warning:  imagecreatefrompng(overmarks): failed to open stream: Permission denied in C:\xampp\htdocs\camera\library\Images\Image.php on line 126
[25-Jul-2017 04:17:18 America/Caracas] PHP Warning:  imagesx() expects parameter 1 to be resource, boolean given in C:\xampp\htdocs\camera\library\Images\Image.php on line 133
[25-Jul-2017 04:17:18 America/Caracas] PHP Warning:  imagesy() expects parameter 1 to be resource, boolean given in C:\xampp\htdocs\camera\library\Images\Image.php on line 134
[25-Jul-2017 04:17:18 America/Caracas] PHP Warning:  imagealphablending() expects parameter 1 to be resource, boolean given in C:\xampp\htdocs\camera\library\Images\Image.php on line 237
[25-Jul-2017 04:17:18 America/Caracas] PHP Warning:  imagesavealpha() expects parameter 1 to be resource, boolean given in C:\xampp\htdocs\camera\library\Images\Image.php on line 238
[25-Jul-2017 04:17:18 America/Caracas] PHP Warning:  imagecopy() expects parameter 2 to be resource, boolean given in C:\xampp\htdocs\camera\library\Images\Image.php on line 149
[25-Jul-2017 04:17:18 America/Caracas] PHP Warning:  imagedestroy() expects parameter 1 to be resource, boolean given in C:\xampp\htdocs\camera\library\Images\Image.php on line 107
[25-Jul-2017 17:35:11 America/Caracas] PHP Warning:  imagecreatefrompng(overmarks): failed to open stream: Permission denied in C:\xampp\htdocs\camera\library\Images\Image.php on line 126
[25-Jul-2017 17:35:11 America/Caracas] PHP Warning:  imagesx() expects parameter 1 to be resource, boolean given in C:\xampp\htdocs\camera\library\Images\Image.php on line 133
[25-Jul-2017 17:35:11 America/Caracas] PHP Warning:  imagesy() expects parameter 1 to be resource, boolean given in C:\xampp\htdocs\camera\library\Images\Image.php on line 134
[25-Jul-2017 17:35:11 America/Caracas] PHP Warning:  imagealphablending() expects parameter 1 to be resource, boolean given in C:\xampp\htdocs\camera\library\Images\Image.php on line 237
[25-Jul-2017 17:35:11 America/Caracas] PHP Warning:  imagesavealpha() expects parameter 1 to be resource, boolean given in C:\xampp\htdocs\camera\library\Images\Image.php on line 238
[25-Jul-2017 17:35:11 America/Caracas] PHP Warning:  imagecopy() expects parameter 2 to be resource, boolean given in C:\xampp\htdocs\camera\library\Images\Image.php on line 149
[25-Jul-2017 17:35:11 America/Caracas] PHP Warning:  imagedestroy() expects parameter 1 to be resource, boolean given in C:\xampp\htdocs\camera\library\Images\Image.php on line 107
[28-Jul-2017 17:57:10 America/Caracas] PHP Warning:  imagecreatefrompng(overmarks): failed to open stream: Permission denied in C:\xampp\htdocs\camera\library\Images\Image.php on line 126
[28-Jul-2017 17:57:10 America/Caracas] PHP Warning:  imagesx() expects parameter 1 to be resource, boolean given in C:\xampp\htdocs\camera\library\Images\Image.php on line 133
[28-Jul-2017 17:57:10 America/Caracas] PHP Warning:  imagesy() expects parameter 1 to be resource, boolean given in C:\xampp\htdocs\camera\library\Images\Image.php on line 134
[28-Jul-2017 17:57:10 America/Caracas] PHP Warning:  imagealphablending() expects parameter 1 to be resource, boolean given in C:\xampp\htdocs\camera\library\Images\Image.php on line 237
[28-Jul-2017 17:57:10 America/Caracas] PHP Warning:  imagesavealpha() expects parameter 1 to be resource, boolean given in C:\xampp\htdocs\camera\library\Images\Image.php on line 238
[28-Jul-2017 17:57:10 America/Caracas] PHP Warning:  imagecopy() expects parameter 2 to be resource, boolean given in C:\xampp\htdocs\camera\library\Images\Image.php on line 149
[28-Jul-2017 17:57:10 America/Caracas] PHP Warning:  imagedestroy() expects parameter 1 to be resource, boolean given in C:\xampp\htdocs\camera\library\Images\Image.php on line 107
[31-Jul-2017 01:40:37 America/Caracas] PHP Warning:  imagecreatefrompng(overmarks): failed to open stream: Permission denied in C:\xampp\htdocs\camera\library\Images\Image.php on line 126
[31-Jul-2017 01:40:37 America/Caracas] PHP Warning:  imagesx() expects parameter 1 to be resource, boolean given in C:\xampp\htdocs\camera\library\Images\Image.php on line 133
[31-Jul-2017 01:40:37 America/Caracas] PHP Warning:  imagesy() expects parameter 1 to be resource, boolean given in C:\xampp\htdocs\camera\library\Images\Image.php on line 134
[31-Jul-2017 01:40:37 America/Caracas] PHP Warning:  imagealphablending() expects parameter 1 to be resource, boolean given in C:\xampp\htdocs\camera\library\Images\Image.php on line 237
[31-Jul-2017 01:40:37 America/Caracas] PHP Warning:  imagesavealpha() expects parameter 1 to be resource, boolean given in C:\xampp\htdocs\camera\library\Images\Image.php on line 238
[31-Jul-2017 01:40:37 America/Caracas] PHP Warning:  imagecopy() expects parameter 2 to be resource, boolean given in C:\xampp\htdocs\camera\library\Images\Image.php on line 149
[31-Jul-2017 01:40:37 America/Caracas] PHP Warning:  imagedestroy() expects parameter 1 to be resource, boolean given in C:\xampp\htdocs\camera\library\Images\Image.php on line 107
[03-Aug-2017 17:40:17 America/Caracas] PHP Warning:  imagecreatefrompng(overmarks): failed to open stream: Permission denied in C:\xampp\htdocs\camera\library\Images\Image.php on line 126
[03-Aug-2017 17:40:17 America/Caracas] PHP Warning:  imagesx() expects parameter 1 to be resource, boolean given in C:\xampp\htdocs\camera\library\Images\Image.php on line 133
[03-Aug-2017 17:40:17 America/Caracas] PHP Warning:  imagesy() expects parameter 1 to be resource, boolean given in C:\xampp\htdocs\camera\library\Images\Image.php on line 134
[03-Aug-2017 17:40:17 America/Caracas] PHP Warning:  imagealphablending() expects parameter 1 to be resource, boolean given in C:\xampp\htdocs\camera\library\Images\Image.php on line 237
[03-Aug-2017 17:40:17 America/Caracas] PHP Warning:  imagesavealpha() expects parameter 1 to be resource, boolean given in C:\xampp\htdocs\camera\library\Images\Image.php on line 238
[03-Aug-2017 17:40:17 America/Caracas] PHP Warning:  imagecopy() expects parameter 2 to be resource, boolean given in C:\xampp\htdocs\camera\library\Images\Image.php on line 149
[03-Aug-2017 17:40:17 America/Caracas] PHP Warning:  imagedestroy() expects parameter 1 to be resource, boolean given in C:\xampp\htdocs\camera\library\Images\Image.php on line 107
[03-Aug-2017 17:42:26 America/Caracas] PHP Warning:  imagecreatefrompng(overmarks): failed to open stream: Permission denied in C:\xampp\htdocs\camera\library\Images\Image.php on line 126
[03-Aug-2017 17:42:26 America/Caracas] PHP Warning:  imagesx() expects parameter 1 to be resource, boolean given in C:\xampp\htdocs\camera\library\Images\Image.php on line 133
[03-Aug-2017 17:42:26 America/Caracas] PHP Warning:  imagesy() expects parameter 1 to be resource, boolean given in C:\xampp\htdocs\camera\library\Images\Image.php on line 134
[03-Aug-2017 17:42:26 America/Caracas] PHP Warning:  imagealphablending() expects parameter 1 to be resource, boolean given in C:\xampp\htdocs\camera\library\Images\Image.php on line 237
[03-Aug-2017 17:42:26 America/Caracas] PHP Warning:  imagesavealpha() expects parameter 1 to be resource, boolean given in C:\xampp\htdocs\camera\library\Images\Image.php on line 238
[03-Aug-2017 17:42:26 America/Caracas] PHP Warning:  imagecopy() expects parameter 2 to be resource, boolean given in C:\xampp\htdocs\camera\library\Images\Image.php on line 149
[03-Aug-2017 17:42:26 America/Caracas] PHP Warning:  imagedestroy() expects parameter 1 to be resource, boolean given in C:\xampp\htdocs\camera\library\Images\Image.php on line 107
[13-Aug-2017 04:01:17 America/Caracas] PHP Warning:  imagecreatefrompng(overmarks): failed to open stream: Permission denied in C:\xampp\htdocs\camera\library\Images\Image.php on line 126
[13-Aug-2017 04:01:18 America/Caracas] PHP Warning:  imagesx() expects parameter 1 to be resource, boolean given in C:\xampp\htdocs\camera\library\Images\Image.php on line 133
[13-Aug-2017 04:01:18 America/Caracas] PHP Warning:  imagesy() expects parameter 1 to be resource, boolean given in C:\xampp\htdocs\camera\library\Images\Image.php on line 134
[13-Aug-2017 04:01:18 America/Caracas] PHP Warning:  imagealphablending() expects parameter 1 to be resource, boolean given in C:\xampp\htdocs\camera\library\Images\Image.php on line 237
[13-Aug-2017 04:01:18 America/Caracas] PHP Warning:  imagesavealpha() expects parameter 1 to be resource, boolean given in C:\xampp\htdocs\camera\library\Images\Image.php on line 238
[13-Aug-2017 04:01:18 America/Caracas] PHP Warning:  imagecopy() expects parameter 2 to be resource, boolean given in C:\xampp\htdocs\camera\library\Images\Image.php on line 149
[13-Aug-2017 04:01:18 America/Caracas] PHP Warning:  imagedestroy() expects parameter 1 to be resource, boolean given in C:\xampp\htdocs\camera\library\Images\Image.php on line 107
[13-Aug-2017 04:03:27 America/Caracas] PHP Warning:  imagecreatefrompng(overmarks): failed to open stream: Permission denied in C:\xampp\htdocs\camera\library\Images\Image.php on line 126
[13-Aug-2017 04:03:27 America/Caracas] PHP Warning:  imagesx() expects parameter 1 to be resource, boolean given in C:\xampp\htdocs\camera\library\Images\Image.php on line 133
[13-Aug-2017 04:03:27 America/Caracas] PHP Warning:  imagesy() expects parameter 1 to be resource, boolean given in C:\xampp\htdocs\camera\library\Images\Image.php on line 134
[13-Aug-2017 04:03:27 America/Caracas] PHP Warning:  imagealphablending() expects parameter 1 to be resource, boolean given in C:\xampp\htdocs\camera\library\Images\Image.php on line 237
[13-Aug-2017 04:03:27 America/Caracas] PHP Warning:  imagesavealpha() expects parameter 1 to be resource, boolean given in C:\xampp\htdocs\camera\library\Images\Image.php on line 238
[13-Aug-2017 04:03:27 America/Caracas] PHP Warning:  imagecopy() expects parameter 2 to be resource, boolean given in C:\xampp\htdocs\camera\library\Images\Image.php on line 149
[13-Aug-2017 04:03:27 America/Caracas] PHP Warning:  imagedestroy() expects parameter 1 to be resource, boolean given in C:\xampp\htdocs\camera\library\Images\Image.php on line 107
